2021-04-29 18:32:10,138 INFO BrokEQ.Form1 - 740000|1073|744
2021-04-29 18:32:12,138 INFO BrokEQ.Form1 - ffffff|961|523
2021-04-29 19:05:07,475 INFO BrokEQ.Form1 - 1e1e1e|1083|731
2021-04-29 19:05:38,811 INFO BrokEQ.Form1 - 630000|1071|823
2021-04-29 19:05:41,961 INFO BrokEQ.Form1 - 080808|1297|1354
2021-04-29 19:06:21,415 INFO BrokEQ.Form1 - 080808|1396|1349
2021-04-29 19:07:25,456 INFO BrokEQ.Form1 - 080808|1409|1352
2021-04-29 19:09:05,817 INFO BrokEQ.Form1 - 080808|1434|1355
2021-04-29 19:10:43,162 INFO BrokEQ.Form1 - 080808|1338|1361
2021-04-29 19:11:02,713 INFO BrokEQ.Form1 - 6d0000|1077|729
2021-04-29 19:57:16,572 INFO BrokEQ.Form1 - 6d0000|1066|822
2021-04-29 19:57:18,338 INFO BrokEQ.Form1 - 723c19|1254|772
2021-04-29 19:57:18,987 INFO BrokEQ.Form1 - 724519|1249|465
2021-04-29 19:57:19,554 INFO BrokEQ.Form1 - 683717|841|359
2021-04-29 19:57:37,608 INFO BrokEQ.Form1 - 6d0000|1079|729
2021-04-29 19:57:43,876 INFO BrokEQ.Form1 - 6e3f19|857|467
2021-04-29 19:57:44,442 INFO BrokEQ.Form1 - 572d16|868|597
2021-04-29 19:57:44,809 INFO BrokEQ.Form1 - bdaa00|1015|764
2021-04-29 19:58:10,494 INFO BrokEQ.Form1 - 630000|1084|860
2021-04-29 19:58:12,909 INFO BrokEQ.Form1 - ad7339|1603|734
2021-04-29 19:58:14,292 INFO BrokEQ.Form1 - 292429|430|328
2021-04-29 19:58:15,726 INFO BrokEQ.Form1 - 080808|1455|1361
2021-04-29 20:03:55,067 INFO BrokEQ.Form1 - f0f0f0|358|522
2021-04-29 20:03:56,382 INFO BrokEQ.Form1 - f0f0f0|372|136
2021-04-29 20:03:57,166 INFO BrokEQ.Form1 - f0f0f0|244|399
2021-04-29 20:03:58,701 INFO BrokEQ.Form1 - ffffff|205|323
2021-04-29 20:04:00,200 INFO BrokEQ.Form1 - 1e1e1e|907|712
2021-04-29 20:31:10,064 INFO BrokEQ.Form1 - 380000|1080|730
2021-04-29 20:31:13,230 INFO BrokEQ.Form1 - 630000|1078|748
2021-04-29 20:31:15,346 INFO BrokEQ.Form1 - 080808|1426|1360
2021-04-29 20:35:05,375 INFO BrokEQ.Form1 - 760000|1070|728
2021-04-29 20:35:07,975 INFO BrokEQ.Form1 - 760000|1069|747
2021-04-29 20:35:13,557 INFO BrokEQ.Form1 - 800000|1070|765
2021-04-29 20:35:16,292 INFO BrokEQ.Form1 - 6d0000|1068|785
2021-04-29 20:48:21,579 INFO BrokEQ.Form1 - 080808|949|759
2021-04-29 20:48:24,194 INFO BrokEQ.Form1 - 6d0000|1079|748
2021-04-29 21:31:22,000 INFO BrokEQ.Form1 - 800000|1077|747
2021-04-29 21:31:23,216 INFO BrokEQ.Form1 - 6d0000|1079|767
2021-04-29 21:31:24,499 INFO BrokEQ.Form1 - 630000|1077|786
2021-04-29 21:31:25,749 INFO BrokEQ.Form1 - 080808|929|781
2021-04-29 21:31:26,915 INFO BrokEQ.Form1 - 080808|929|798
2021-04-29 21:31:50,919 INFO BrokEQ.Form1 - 080808|929|781
2021-04-29 21:31:51,235 INFO BrokEQ.Form1 - 080808|929|781
2021-04-29 21:31:51,601 INFO BrokEQ.Form1 - 080808|929|781
2021-04-29 21:31:51,985 INFO BrokEQ.Form1 - 080808|929|781
2021-04-30 10:09:11,600 INFO BrokEQ.Form1 - f0f0f0|648|714
2021-04-30 10:09:12,998 INFO BrokEQ.Form1 - 1e1e1e|1237|453
2021-04-30 10:09:14,699 INFO BrokEQ.Form1 - 007acc|1990|335
2021-04-30 10:09:16,883 INFO BrokEQ.Form1 - ca5100|1798|1390
2021-04-30 10:09:17,983 INFO BrokEQ.Form1 - 1e1e1e|1455|645
2021-04-30 10:15:13,890 INFO BrokEQ.Form1 - f0f0f0|403|472
2021-04-30 10:15:14,455 INFO BrokEQ.Form1 - 1e1e1e|1071|455
2021-04-30 10:15:14,972 INFO BrokEQ.Form1 - 1e1e1e|1547|367
2021-04-30 10:15:16,456 INFO BrokEQ.Form1 - 5a7e8f|1984|335
2021-04-30 10:15:18,723 INFO BrokEQ.Form1 - 252526|2507|1331
2021-04-30 10:15:24,139 INFO BrokEQ.Form1 - 2d2d30|2559|797
2021-04-30 10:15:26,424 INFO BrokEQ.Form1 - 2a2a2c|63|1308
2021-04-30 10:15:29,057 INFO BrokEQ.Form1 - 1e1e1e|1219|509
2021-04-30 10:15:29,807 INFO BrokEQ.Form1 - 1e1e1e|1282|277
2021-04-30 10:15:30,991 INFO BrokEQ.Form1 - 5a7e8f|1972|335
2021-04-30 10:16:29,866 INFO BrokEQ.Form1 - f0f0f0|655|686
2021-04-30 10:16:30,081 INFO BrokEQ.Form1 - f0f0f0|639|611
2021-04-30 10:16:30,298 INFO BrokEQ.Form1 - f0f0f0|659|498
2021-04-30 10:16:30,515 INFO BrokEQ.Form1 - f0f0f0|655|421
2021-04-30 10:16:30,731 INFO BrokEQ.Form1 - f0f0f0|659|378
2021-04-30 10:16:30,947 INFO BrokEQ.Form1 - f0f0f0|657|355
2021-04-30 10:16:31,165 INFO BrokEQ.Form1 - f0f0f0|654|345
2021-04-30 10:16:31,381 INFO BrokEQ.Form1 - f0f0f0|654|345
2021-04-30 10:16:31,598 INFO BrokEQ.Form1 - f0f0f0|654|345
2021-04-30 10:17:14,104 INFO BrokEQ.Form1 - f0f0f0|381|476
2021-04-30 10:17:16,504 INFO BrokEQ.Form1 - 1e1e1e|1363|470
2021-04-30 10:17:17,254 INFO BrokEQ.Form1 - 1e1e1e|1363|470
2021-04-30 10:17:21,787 INFO BrokEQ.Form1 - 1e1e1e|1118|712
2021-04-30 10:17:23,970 INFO BrokEQ.Form1 - 3e3e42|2185|1124
2021-04-30 10:17:24,770 INFO BrokEQ.Form1 - 252526|2335|1327
2021-04-30 10:17:25,255 INFO BrokEQ.Form1 - 252526|2357|851
2021-04-30 10:17:25,854 INFO BrokEQ.Form1 - 252526|2381|563
2021-04-30 10:17:26,271 INFO BrokEQ.Form1 - 1e1e1e|1837|468
2021-04-30 10:17:26,722 INFO BrokEQ.Form1 - 1e1e1e|1196|601
2021-04-30 10:18:02,592 INFO BrokEQ.Form1 - f0f0f0|600|670
2021-04-30 10:18:02,808 INFO BrokEQ.Form1 - f0f0f0|556|672
2021-04-30 10:18:03,024 INFO BrokEQ.Form1 - f0f0f0|552|670
2021-04-30 10:18:03,241 INFO BrokEQ.Form1 - f0f0f0|548|676
2021-04-30 10:18:03,458 INFO BrokEQ.Form1 - f0f0f0|548|676
2021-04-30 10:18:03,675 INFO BrokEQ.Form1 - f0f0f0|548|676
2021-04-30 10:18:03,891 INFO BrokEQ.Form1 - f0f0f0|548|676
2021-04-30 10:18:04,108 INFO BrokEQ.Form1 - f0f0f0|548|676
2021-04-30 10:18:04,324 INFO BrokEQ.Form1 - f0f0f0|548|676
2021-04-30 10:18:04,541 INFO BrokEQ.Form1 - f0f0f0|548|676
2021-04-30 10:19:33,569 INFO BrokEQ.Form1 - f0f0f0|443|504
2021-04-30 10:19:33,784 INFO BrokEQ.Form1 - f0f0f0|443|504
2021-04-30 10:19:34,001 INFO BrokEQ.Form1 - f0f0f0|443|506
2021-04-30 10:19:34,218 INFO BrokEQ.Form1 - f0f0f0|443|506
2021-04-30 10:19:34,435 INFO BrokEQ.Form1 - f0f0f0|443|506
2021-04-30 10:19:34,652 INFO BrokEQ.Form1 - f0f0f0|443|506
2021-04-30 10:19:34,868 INFO BrokEQ.Form1 - f0f0f0|443|506
2021-04-30 10:19:35,085 INFO BrokEQ.Form1 - f0f0f0|443|506
2021-04-30 10:19:35,369 INFO BrokEQ.Form1 - f0f0f0|443|506
2021-04-30 10:19:36,002 INFO BrokEQ.Form1 - 1e1e1e|467|590
2021-04-30 10:20:52,628 INFO BrokEQ.Form1 - f0f0f0|615|689
2021-04-30 10:20:52,893 INFO BrokEQ.Form1 - f0f0f0|615|689
2021-04-30 10:20:53,143 INFO BrokEQ.Form1 - f0f0f0|615|689
2021-04-30 10:20:53,377 INFO BrokEQ.Form1 - f0f0f0|615|689
2021-04-30 10:20:53,627 INFO BrokEQ.Form1 - f0f0f0|615|689
2021-04-30 10:20:53,860 INFO BrokEQ.Form1 - f0f0f0|615|689
2021-04-30 10:20:54,110 INFO BrokEQ.Form1 - f0f0f0|615|689
2021-04-30 10:20:54,360 INFO BrokEQ.Form1 - f0f0f0|615|689
2021-04-30 10:20:54,610 INFO BrokEQ.Form1 - f0f0f0|615|689
2021-04-30 10:20:54,860 INFO BrokEQ.Form1 - f0f0f0|615|689
2021-04-30 10:22:02,309 INFO BrokEQ.Form1 - f0f0f0|356|508
2021-04-30 10:22:02,535 INFO BrokEQ.Form1 - f0f0f0|356|505
2021-04-30 10:22:02,754 INFO BrokEQ.Form1 - f0f0f0|358|505
2021-04-30 10:22:02,969 INFO BrokEQ.Form1 - f0f0f0|358|505
2021-04-30 10:22:03,191 INFO BrokEQ.Form1 - f0f0f0|358|505
2021-04-30 10:22:03,402 INFO BrokEQ.Form1 - f0f0f0|358|505
2021-04-30 10:22:03,618 INFO BrokEQ.Form1 - f0f0f0|358|505
2021-04-30 10:22:03,835 INFO BrokEQ.Form1 - f0f0f0|358|505
2021-04-30 10:22:04,051 INFO BrokEQ.Form1 - f0f0f0|358|505
2021-04-30 10:22:04,685 INFO BrokEQ.Form1 - f0f0f0|358|505
2021-04-30 22:29:37,197 INFO BrokEQ.Form1 - f0f0f0|499|545
2021-04-30 22:29:37,729 INFO BrokEQ.Form1 - f0f0f0|499|545
2021-04-30 22:29:38,113 INFO BrokEQ.Form1 - f0f0f0|499|545
2021-04-30 22:29:38,379 INFO BrokEQ.Form1 - f0f0f0|499|545
2021-04-30 22:29:38,629 INFO BrokEQ.Form1 - f0f0f0|499|545
2021-04-30 22:29:38,863 INFO BrokEQ.Form1 - f0f0f0|499|545
2021-04-30 22:29:39,129 INFO BrokEQ.Form1 - f0f0f0|499|545
2021-04-30 22:29:39,363 INFO BrokEQ.Form1 - f0f0f0|499|545
2021-04-30 22:29:39,612 INFO BrokEQ.Form1 - f0f0f0|499|545
2021-04-30 22:29:40,362 INFO BrokEQ.Form1 - f0f0f0|499|545
2021-04-30 22:30:22,152 INFO BrokEQ.Form1 - f0f0f0|450|570
2021-04-30 22:30:22,367 INFO BrokEQ.Form1 - f0f0f0|450|570
2021-04-30 22:30:22,584 INFO BrokEQ.Form1 - f0f0f0|450|570
2021-04-30 22:30:22,801 INFO BrokEQ.Form1 - f0f0f0|450|570
2021-04-30 22:30:23,017 INFO BrokEQ.Form1 - f0f0f0|450|570
2021-04-30 22:30:23,234 INFO BrokEQ.Form1 - f0f0f0|450|570
2021-04-30 22:30:23,451 INFO BrokEQ.Form1 - f0f0f0|450|570
2021-04-30 22:30:23,668 INFO BrokEQ.Form1 - f0f0f0|450|570
2021-04-30 22:30:24,018 INFO BrokEQ.Form1 - f0f0f0|450|570
2021-04-30 22:30:24,468 INFO BrokEQ.Form1 - f0f0f0|450|570
2021-04-30 22:31:28,760 INFO BrokEQ.Form1 - f0f0f0|500|551
2021-04-30 22:31:28,975 INFO BrokEQ.Form1 - f0f0f0|500|551
2021-04-30 22:31:29,191 INFO BrokEQ.Form1 - f0f0f0|500|551
2021-04-30 22:31:29,409 INFO BrokEQ.Form1 - f0f0f0|500|551
2021-04-30 22:31:29,625 INFO BrokEQ.Form1 - f0f0f0|500|551
2021-04-30 22:31:29,842 INFO BrokEQ.Form1 - f0f0f0|500|551
2021-04-30 22:31:30,058 INFO BrokEQ.Form1 - f0f0f0|500|551
2021-04-30 22:31:30,275 INFO BrokEQ.Form1 - f0f0f0|500|551
2021-04-30 22:31:30,491 INFO BrokEQ.Form1 - f0f0f0|500|551
2021-04-30 22:31:30,708 INFO BrokEQ.Form1 - f0f0f0|500|551
2021-04-30 22:32:08,914 INFO BrokEQ.Form1 - f0f0f0|661|728
2021-04-30 22:32:09,130 INFO BrokEQ.Form1 - f0f0f0|661|728
2021-04-30 22:32:09,346 INFO BrokEQ.Form1 - f0f0f0|661|728
2021-04-30 22:32:09,563 INFO BrokEQ.Form1 - f0f0f0|661|728
2021-04-30 22:32:09,780 INFO BrokEQ.Form1 - f0f0f0|661|728
2021-04-30 22:32:09,997 INFO BrokEQ.Form1 - f0f0f0|661|728
2021-04-30 22:32:10,213 INFO BrokEQ.Form1 - f0f0f0|661|728
2021-04-30 22:32:10,430 INFO BrokEQ.Form1 - f0f0f0|661|728
2021-04-30 22:32:10,646 INFO BrokEQ.Form1 - f0f0f0|661|728
2021-04-30 22:32:10,863 INFO BrokEQ.Form1 - f0f0f0|661|728
2021-04-30 22:33:39,391 INFO BrokEQ.Form1 - f0f0f0|501|546
2021-04-30 22:33:39,606 INFO BrokEQ.Form1 - f0f0f0|501|546
2021-04-30 22:33:39,823 INFO BrokEQ.Form1 - f0f0f0|501|546
2021-04-30 22:33:40,039 INFO BrokEQ.Form1 - f0f0f0|501|546
2021-04-30 22:33:40,256 INFO BrokEQ.Form1 - f0f0f0|501|546
2021-04-30 22:33:40,473 INFO BrokEQ.Form1 - f0f0f0|501|546
2021-04-30 22:33:40,690 INFO BrokEQ.Form1 - f0f0f0|501|546
2021-04-30 22:33:40,906 INFO BrokEQ.Form1 - f0f0f0|501|546
2021-04-30 22:33:41,123 INFO BrokEQ.Form1 - f0f0f0|501|546
2021-04-30 22:33:41,340 INFO BrokEQ.Form1 - f0f0f0|501|546
2021-04-30 22:34:50,598 INFO BrokEQ.Form1 - f0f0f0|862|622
2021-04-30 22:34:50,814 INFO BrokEQ.Form1 - f0f0f0|862|622
2021-04-30 22:34:51,031 INFO BrokEQ.Form1 - f0f0f0|862|622
2021-04-30 22:34:51,247 INFO BrokEQ.Form1 - f0f0f0|862|622
2021-04-30 22:34:51,464 INFO BrokEQ.Form1 - f0f0f0|862|622
2021-04-30 22:34:51,681 INFO BrokEQ.Form1 - f0f0f0|862|622
2021-04-30 22:34:51,897 INFO BrokEQ.Form1 - f0f0f0|862|622
2021-04-30 22:34:52,114 INFO BrokEQ.Form1 - f0f0f0|862|622
2021-04-30 22:34:52,331 INFO BrokEQ.Form1 - f0f0f0|862|622
2021-04-30 22:34:52,547 INFO BrokEQ.Form1 - f0f0f0|862|622
2021-04-30 22:47:07,681 INFO BrokEQ.Form1 - f0f0f0|516|599
2021-04-30 22:47:07,896 INFO BrokEQ.Form1 - f0f0f0|516|599
2021-04-30 22:47:08,113 INFO BrokEQ.Form1 - f0f0f0|516|599
2021-04-30 22:47:08,329 INFO BrokEQ.Form1 - f0f0f0|516|599
2021-04-30 22:47:08,546 INFO BrokEQ.Form1 - f0f0f0|516|599
2021-04-30 22:47:08,763 INFO BrokEQ.Form1 - f0f0f0|516|599
2021-04-30 22:47:08,980 INFO BrokEQ.Form1 - f0f0f0|516|599
2021-04-30 22:47:09,196 INFO BrokEQ.Form1 - f0f0f0|516|599
2021-04-30 22:47:09,413 INFO BrokEQ.Form1 - f0f0f0|516|599
2021-04-30 22:47:09,629 INFO BrokEQ.Form1 - f0f0f0|516|599
2021-04-30 22:49:04,310 INFO BrokEQ.Form1 - f0f0f0|536|597
2021-04-30 22:49:04,525 INFO BrokEQ.Form1 - f0f0f0|536|597
2021-04-30 22:49:04,742 INFO BrokEQ.Form1 - f0f0f0|536|597
2021-04-30 22:49:04,959 INFO BrokEQ.Form1 - f0f0f0|536|597
2021-04-30 22:49:05,175 INFO BrokEQ.Form1 - f0f0f0|536|597
2021-04-30 22:49:05,392 INFO BrokEQ.Form1 - f0f0f0|536|597
2021-04-30 22:49:05,609 INFO BrokEQ.Form1 - f0f0f0|536|597
2021-04-30 22:49:05,825 INFO BrokEQ.Form1 - f0f0f0|536|597
2021-04-30 22:49:06,043 INFO BrokEQ.Form1 - f0f0f0|536|597
2021-04-30 22:49:06,259 INFO BrokEQ.Form1 - f0f0f0|536|597
2021-04-30 22:51:20,375 INFO BrokEQ.Form1 - f0f0f0|715|762
2021-04-30 22:51:20,590 INFO BrokEQ.Form1 - f0f0f0|715|762
2021-04-30 22:51:20,807 INFO BrokEQ.Form1 - f0f0f0|715|762
2021-04-30 22:51:21,023 INFO BrokEQ.Form1 - f0f0f0|715|762
2021-04-30 22:51:21,241 INFO BrokEQ.Form1 - f0f0f0|715|762
2021-04-30 22:51:21,457 INFO BrokEQ.Form1 - f0f0f0|715|762
2021-04-30 22:51:21,674 INFO BrokEQ.Form1 - f0f0f0|715|762
2021-04-30 22:51:21,891 INFO BrokEQ.Form1 - f0f0f0|715|762
2021-04-30 22:51:22,107 INFO BrokEQ.Form1 - f0f0f0|715|762
2021-04-30 22:51:22,324 INFO BrokEQ.Form1 - f0f0f0|715|762
2021-05-01 18:26:52,412 INFO BrokEQ.Form1 - 002964|152|1099
2021-05-01 18:26:59,679 INFO BrokEQ.Form1 - 00b300|326|919
2021-05-01 18:43:20,456 INFO BrokEQ.Form1 - 00bf00|335|947
2021-05-01 19:07:42,652 INFO BrokEQ.Form1 - 00bf00|341|947
2021-05-01 19:30:30,304 INFO BrokEQ.Form1 - 00de00|349|946
2021-05-01 19:31:13,766 INFO BrokEQ.Form1 - Cursor Moved to: 349,  946.
2021-05-01 19:31:17,198 INFO BrokEQ.Form1 - Cursor Moved to: 349,  946.
2021-05-01 19:31:20,630 INFO BrokEQ.Form1 - Cursor Moved to: 349,  946.
2021-05-01 19:31:24,064 INFO BrokEQ.Form1 - Cursor Moved to: 349,  946.
2021-05-01 19:31:27,499 INFO BrokEQ.Form1 - Cursor Moved to: 349,  946.
2021-05-01 19:31:30,932 INFO BrokEQ.Form1 - Cursor Moved to: 349,  946.
2021-05-01 19:31:34,348 INFO BrokEQ.Form1 - Cursor Moved to: 349,  946.
2021-05-01 19:31:37,782 INFO BrokEQ.Form1 - Cursor Moved to: 349,  946.
2021-05-01 19:31:41,216 INFO BrokEQ.Form1 - Cursor Moved to: 349,  946.
2021-05-01 19:31:52,700 INFO BrokEQ.Form1 - Cursor Moved to: 349,  946.
2021-05-01 19:31:56,137 INFO BrokEQ.Form1 - Cursor Moved to: 349,  946.
2021-05-01 19:32:27,804 INFO BrokEQ.Form1 - Cursor Moved to: 349,  946.
2021-05-01 19:32:31,238 INFO BrokEQ.Form1 - Cursor Moved to: 349,  946.
2021-05-01 19:32:34,657 INFO BrokEQ.Form1 - Cursor Moved to: 349,  946.
2021-05-01 19:32:38,088 INFO BrokEQ.Form1 - Cursor Moved to: 349,  946.
2021-05-01 19:32:55,641 INFO BrokEQ.Form1 - Cursor Moved to: 349,  946.
2021-05-01 19:32:59,074 INFO BrokEQ.Form1 - Cursor Moved to: 349,  946.
2021-05-01 19:33:02,509 INFO BrokEQ.Form1 - Cursor Moved to: 349,  946.
2021-05-01 19:33:05,942 INFO BrokEQ.Form1 - Cursor Moved to: 349,  946.
2021-05-01 19:33:09,359 INFO BrokEQ.Form1 - Cursor Moved to: 349,  946.
2021-05-01 19:33:12,794 INFO BrokEQ.Form1 - Cursor Moved to: 349,  946.
2021-05-01 19:33:16,227 INFO BrokEQ.Form1 - Cursor Moved to: 349,  946.
2021-05-01 19:33:19,660 INFO BrokEQ.Form1 - Cursor Moved to: 349,  946.
2021-05-01 19:33:23,094 INFO BrokEQ.Form1 - Cursor Moved to: 349,  946.
2021-05-01 19:33:26,528 INFO BrokEQ.Form1 - Cursor Moved to: 349,  946.
2021-05-01 19:33:29,945 INFO BrokEQ.Form1 - Cursor Moved to: 349,  946.
2021-05-01 19:33:33,378 INFO BrokEQ.Form1 - Cursor Moved to: 349,  946.
2021-05-01 19:33:36,812 INFO BrokEQ.Form1 - Cursor Moved to: 349,  946.
2021-05-01 19:33:40,229 INFO BrokEQ.Form1 - Cursor Moved to: 349,  946.
2021-05-01 19:33:43,663 INFO BrokEQ.Form1 - Cursor Moved to: 349,  946.
2021-05-01 19:33:57,182 INFO BrokEQ.Form1 - Cursor Moved to: 349,  946.
2021-05-01 19:34:00,616 INFO BrokEQ.Form1 - Cursor Moved to: 349,  946.
2021-05-01 19:34:04,033 INFO BrokEQ.Form1 - Cursor Moved to: 349,  946.
2021-05-01 19:34:07,466 INFO BrokEQ.Form1 - Cursor Moved to: 349,  946.
2021-05-01 19:34:10,900 INFO BrokEQ.Form1 - Cursor Moved to: 349,  946.
2021-05-01 19:34:14,317 INFO BrokEQ.Form1 - Cursor Moved to: 349,  946.
2021-05-01 19:34:17,752 INFO BrokEQ.Form1 - Cursor Moved to: 349,  946.
2021-05-01 19:34:35,303 INFO BrokEQ.Form1 - Cursor Moved to: 349,  946.
2021-05-01 19:35:31,174 INFO BrokEQ.Form1 - Cursor Moved to: 349,  946.
2021-05-01 19:35:42,676 INFO BrokEQ.Form1 - Cursor Moved to: 349,  946.
2021-05-01 19:35:46,109 INFO BrokEQ.Form1 - Cursor Moved to: 349,  946.
2021-05-01 19:35:49,530 INFO BrokEQ.Form1 - Cursor Moved to: 349,  946.
2021-05-01 19:36:19,182 INFO BrokEQ.Form1 - Cursor Moved to: 349,  946.
2021-05-01 19:36:22,613 INFO BrokEQ.Form1 - Cursor Moved to: 349,  946.
2021-05-01 19:36:26,047 INFO BrokEQ.Form1 - Cursor Moved to: 349,  946.
2021-05-01 19:36:29,466 INFO BrokEQ.Form1 - Cursor Moved to: 349,  946.
2021-05-01 19:36:32,898 INFO BrokEQ.Form1 - Cursor Moved to: 349,  946.
2021-05-01 19:36:36,332 INFO BrokEQ.Form1 - Cursor Moved to: 349,  946.
2021-05-01 19:36:39,766 INFO BrokEQ.Form1 - Cursor Moved to: 349,  946.
2021-05-01 19:36:43,202 INFO BrokEQ.Form1 - Cursor Moved to: 349,  946.
2021-05-01 19:37:31,660 INFO BrokEQ.Form1 - Cursor Moved to: 349,  946.
2021-05-01 19:37:35,108 INFO BrokEQ.Form1 - Cursor Moved to: 349,  946.
2021-05-01 19:37:38,542 INFO BrokEQ.Form1 - Cursor Moved to: 349,  946.
2021-05-01 19:38:08,193 INFO BrokEQ.Form1 - Cursor Moved to: 349,  946.
2021-05-01 19:38:13,643 INFO BrokEQ.Form1 - Cursor Moved to: 349,  946.
2021-05-01 19:38:31,194 INFO BrokEQ.Form1 - Cursor Moved to: 349,  946.
2021-05-01 19:38:34,628 INFO BrokEQ.Form1 - Cursor Moved to: 349,  946.
2021-05-01 19:38:38,061 INFO BrokEQ.Form1 - Cursor Moved to: 349,  946.
2021-05-01 19:38:41,497 INFO BrokEQ.Form1 - Cursor Moved to: 349,  946.
2021-05-01 19:38:44,929 INFO BrokEQ.Form1 - Cursor Moved to: 349,  946.
2021-05-01 19:38:48,363 INFO BrokEQ.Form1 - Cursor Moved to: 349,  946.
2021-05-01 19:38:51,797 INFO BrokEQ.Form1 - Cursor Moved to: 349,  946.
2021-05-01 19:38:55,231 INFO BrokEQ.Form1 - Cursor Moved to: 349,  946.
2021-05-01 19:38:58,665 INFO BrokEQ.Form1 - Cursor Moved to: 349,  946.
2021-05-01 19:39:02,098 INFO BrokEQ.Form1 - Cursor Moved to: 349,  946.
2021-05-01 19:39:05,531 INFO BrokEQ.Form1 - Cursor Moved to: 349,  946.
2021-05-01 19:39:08,950 INFO BrokEQ.Form1 - Cursor Moved to: 349,  946.
2021-05-01 19:39:12,382 INFO BrokEQ.Form1 - Cursor Moved to: 349,  946.
2021-05-01 19:39:15,818 INFO BrokEQ.Form1 - Cursor Moved to: 349,  946.
2021-05-01 19:39:19,250 INFO BrokEQ.Form1 - Cursor Moved to: 349,  946.
2021-05-01 19:39:22,684 INFO BrokEQ.Form1 - Cursor Moved to: 349,  946.
2021-05-01 19:39:26,119 INFO BrokEQ.Form1 - Cursor Moved to: 349,  946.
2021-05-01 19:39:29,551 INFO BrokEQ.Form1 - Cursor Moved to: 349,  946.
2021-05-01 19:39:32,985 INFO BrokEQ.Form1 - Cursor Moved to: 349,  946.
2021-05-01 19:39:36,420 INFO BrokEQ.Form1 - Cursor Moved to: 349,  946.
2021-05-01 19:39:39,854 INFO BrokEQ.Form1 - Cursor Moved to: 349,  946.
2021-05-01 19:39:43,286 INFO BrokEQ.Form1 - Cursor Moved to: 349,  946.
2021-05-01 19:39:46,723 INFO BrokEQ.Form1 - Cursor Moved to: 349,  946.
2021-05-01 19:40:16,374 INFO BrokEQ.Form1 - Cursor Moved to: 349,  946.
2021-05-01 19:40:19,806 INFO BrokEQ.Form1 - Cursor Moved to: 349,  946.
2021-05-02 17:00:38,735 INFO BrokEQ.Form1 - Cursor Moved to: 349,  946.
2021-05-02 17:00:42,167 INFO BrokEQ.Form1 - Cursor Moved to: 349,  946.
2021-05-02 17:00:45,600 INFO BrokEQ.Form1 - Cursor Moved to: 349,  946.
2021-05-02 17:00:49,033 INFO BrokEQ.Form1 - Cursor Moved to: 349,  946.
2021-05-02 17:00:52,466 INFO BrokEQ.Form1 - Cursor Moved to: 349,  946.
2021-05-02 17:00:55,919 INFO BrokEQ.Form1 - Cursor Moved to: 349,  946.
2021-05-02 17:00:59,351 INFO BrokEQ.Form1 - Cursor Moved to: 349,  946.
2021-05-02 17:01:18,919 INFO BrokEQ.Form1 - Cursor Moved to: 349,  946.
2021-05-02 17:01:22,356 INFO BrokEQ.Form1 - Cursor Moved to: 349,  946.
2021-05-02 17:01:25,787 INFO BrokEQ.Form1 - Cursor Moved to: 349,  946.
2021-05-02 17:01:29,222 INFO BrokEQ.Form1 - Cursor Moved to: 349,  946.
2021-05-02 17:01:32,655 INFO BrokEQ.Form1 - Cursor Moved to: 349,  946.
2021-05-02 17:01:36,091 INFO BrokEQ.Form1 - Cursor Moved to: 349,  946.
2021-05-02 17:01:41,540 INFO BrokEQ.Form1 - Cursor Moved to: 349,  946.
2021-05-02 17:01:44,972 INFO BrokEQ.Form1 - Cursor Moved to: 349,  946.
2021-05-02 17:01:48,408 INFO BrokEQ.Form1 - Cursor Moved to: 349,  946.
2021-05-02 17:01:51,841 INFO BrokEQ.Form1 - Cursor Moved to: 349,  946.
2021-05-02 17:01:55,274 INFO BrokEQ.Form1 - Cursor Moved to: 349,  946.
2021-05-02 17:02:04,760 INFO BrokEQ.Form1 - Cursor Moved to: 349,  946.
2021-05-02 17:02:08,193 INFO BrokEQ.Form1 - Cursor Moved to: 349,  946.
2021-05-02 17:02:11,627 INFO BrokEQ.Form1 - Cursor Moved to: 349,  946.
2021-05-02 17:02:15,060 INFO BrokEQ.Form1 - Cursor Moved to: 349,  946.
2021-05-02 17:02:18,493 INFO BrokEQ.Form1 - Cursor Moved to: 349,  946.
2021-05-02 17:02:21,929 INFO BrokEQ.Form1 - Cursor Moved to: 349,  946.
2021-05-02 17:02:25,360 INFO BrokEQ.Form1 - Cursor Moved to: 349,  946.
2021-05-02 17:02:28,797 INFO BrokEQ.Form1 - Cursor Moved to: 349,  946.
2021-05-02 17:02:32,230 INFO BrokEQ.Form1 - Cursor Moved to: 349,  946.
2021-05-02 17:05:41,953 INFO BrokEQ.Form1 - Cursor Moved to: 349,  946.
2021-05-02 17:05:45,751 INFO BrokEQ.Form1 - Cursor Moved to: 349,  946.
2021-05-02 17:06:35,922 INFO BrokEQ.Form1 - Cursor Moved to: 349,  946.
2021-05-02 17:06:39,706 INFO BrokEQ.Form1 - Cursor Moved to: 349,  946.
2021-05-02 17:06:43,491 INFO BrokEQ.Form1 - Cursor Moved to: 349,  946.
2021-05-05 09:05:49,652 INFO BrokEQ.Form1 - Could not find file 'C:\Users\Rico\Documents\Visual Studio 2017\Projects\BrokEQ\BrokEQ\bin\Debug\Bot.ini'.
   at System.IO.__Error.WinIOError(Int32 errorCode, String maybeFullPath)
   at System.IO.FileStream.Init(String path, FileMode mode, FileAccess access, Int32 rights, Boolean useRights, FileShare share, Int32 bufferSize, FileOptions options, SECURITY_ATTRIBUTES secAttrs, String msgPath, Boolean bFromProxy, Boolean useLongPath, Boolean checkHost)
   at System.IO.FileStream..ctor(String path, FileMode mode, FileAccess access, FileShare share)
   at System.IO.FileInfo.Open(FileMode mode)
   at BrokEQ.Form1.loadDataAsync(String sLoc) in C:\Users\Rico\Documents\Visual Studio 2017\Projects\BrokEQ\BrokEQ\Form1.cs:line 500
   at BrokEQ.Form1..ctor() in C:\Users\Rico\Documents\Visual Studio 2017\Projects\BrokEQ\BrokEQ\Form1.cs:line 158
2021-05-05 09:08:37,326 INFO BrokEQ.Form1 - Could not find file 'C:\Users\Rico\Documents\Visual Studio 2017\Projects\BrokEQ\BrokEQ\bin\Debug\Bot.ini'.
   at System.IO.__Error.WinIOError(Int32 errorCode, String maybeFullPath)
   at System.IO.FileStream.Init(String path, FileMode mode, FileAccess access, Int32 rights, Boolean useRights, FileShare share, Int32 bufferSize, FileOptions options, SECURITY_ATTRIBUTES secAttrs, String msgPath, Boolean bFromProxy, Boolean useLongPath, Boolean checkHost)
   at System.IO.FileStream..ctor(String path, FileMode mode, FileAccess access, FileShare share)
   at System.IO.FileInfo.Open(FileMode mode)
   at BrokEQ.Form1.loadDataAsync(String sLoc) in C:\Users\Rico\Documents\Visual Studio 2017\Projects\BrokEQ\BrokEQ\Form1.cs:line 500
   at BrokEQ.Form1..ctor() in C:\Users\Rico\Documents\Visual Studio 2017\Projects\BrokEQ\BrokEQ\Form1.cs:line 158
2021-05-05 09:10:23,557 INFO BrokEQ.Form1 - Could not find file 'C:\Users\Rico\Documents\Visual Studio 2017\Projects\BrokEQ\BrokEQ\bin\Debug\Bot.ini'.
   at System.IO.__Error.WinIOError(Int32 errorCode, String maybeFullPath)
   at System.IO.FileStream.Init(String path, FileMode mode, FileAccess access, Int32 rights, Boolean useRights, FileShare share, Int32 bufferSize, FileOptions options, SECURITY_ATTRIBUTES secAttrs, String msgPath, Boolean bFromProxy, Boolean useLongPath, Boolean checkHost)
   at System.IO.FileStream..ctor(String path, FileMode mode, FileAccess access, FileShare share)
   at System.IO.FileInfo.Open(FileMode mode)
   at BrokEQ.Form1.loadDataAsync(String sLoc) in C:\Users\Rico\Documents\Visual Studio 2017\Projects\BrokEQ\BrokEQ\Form1.cs:line 500
   at BrokEQ.Form1..ctor() in C:\Users\Rico\Documents\Visual Studio 2017\Projects\BrokEQ\BrokEQ\Form1.cs:line 158
2021-05-05 09:16:48,945 INFO BrokEQ.Form1 - Could not find file 'C:\Users\Rico\Documents\Visual Studio 2017\Projects\BrokEQ\BrokEQ\bin\Debug\Bot.ini'.
   at System.IO.__Error.WinIOError(Int32 errorCode, String maybeFullPath)
   at System.IO.FileStream.Init(String path, FileMode mode, FileAccess access, Int32 rights, Boolean useRights, FileShare share, Int32 bufferSize, FileOptions options, SECURITY_ATTRIBUTES secAttrs, String msgPath, Boolean bFromProxy, Boolean useLongPath, Boolean checkHost)
   at System.IO.FileStream..ctor(String path, FileMode mode, FileAccess access, FileShare share)
   at System.IO.FileInfo.Open(FileMode mode)
   at BrokEQ.Form1.loadDataAsync(String sLoc) in C:\Users\Rico\Documents\Visual Studio 2017\Projects\BrokEQ\BrokEQ\Form1.cs:line 510
   at BrokEQ.Form1.ReloadSettings() in C:\Users\Rico\Documents\Visual Studio 2017\Projects\BrokEQ\BrokEQ\Form1.cs:line 174
2021-05-05 09:16:51,832 INFO BrokEQ.Form1 - Could not find file 'C:\Users\Rico\Documents\Visual Studio 2017\Projects\BrokEQ\BrokEQ\bin\Debug\Bot.ini'.
   at System.IO.__Error.WinIOError(Int32 errorCode, String maybeFullPath)
   at System.IO.FileStream.Init(String path, FileMode mode, FileAccess access, Int32 rights, Boolean useRights, FileShare share, Int32 bufferSize, FileOptions options, SECURITY_ATTRIBUTES secAttrs, String msgPath, Boolean bFromProxy, Boolean useLongPath, Boolean checkHost)
   at System.IO.FileStream..ctor(String path, FileMode mode, FileAccess access, FileShare share)
   at System.IO.FileInfo.Open(FileMode mode)
   at BrokEQ.Form1.loadDataAsync(String sLoc) in C:\Users\Rico\Documents\Visual Studio 2017\Projects\BrokEQ\BrokEQ\Form1.cs:line 510
   at BrokEQ.Form1.ReloadSettings() in C:\Users\Rico\Documents\Visual Studio 2017\Projects\BrokEQ\BrokEQ\Form1.cs:line 174
2021-05-05 09:17:41,597 INFO BrokEQ.Form1 - Could not find file 'C:\Users\Rico\Documents\Visual Studio 2017\Projects\BrokEQ\BrokEQ\bin\Debug\Bot.ini'.
   at System.IO.__Error.WinIOError(Int32 errorCode, String maybeFullPath)
   at System.IO.FileStream.Init(String path, FileMode mode, FileAccess access, Int32 rights, Boolean useRights, FileShare share, Int32 bufferSize, FileOptions options, SECURITY_ATTRIBUTES secAttrs, String msgPath, Boolean bFromProxy, Boolean useLongPath, Boolean checkHost)
   at System.IO.FileStream..ctor(String path, FileMode mode, FileAccess access, FileShare share)
   at System.IO.FileInfo.Open(FileMode mode)
   at BrokEQ.Form1.loadDataAsync(String sLoc) in C:\Users\Rico\Documents\Visual Studio 2017\Projects\BrokEQ\BrokEQ\Form1.cs:line 510
   at BrokEQ.Form1.ReloadSettings() in C:\Users\Rico\Documents\Visual Studio 2017\Projects\BrokEQ\BrokEQ\Form1.cs:line 174
2021-05-05 09:18:05,750 INFO BrokEQ.Form1 - Could not find file 'C:\Users\Rico\Documents\Visual Studio 2017\Projects\BrokEQ\BrokEQ\bin\Debug\Bot.ini'.
   at System.IO.__Error.WinIOError(Int32 errorCode, String maybeFullPath)
   at System.IO.FileStream.Init(String path, FileMode mode, FileAccess access, Int32 rights, Boolean useRights, FileShare share, Int32 bufferSize, FileOptions options, SECURITY_ATTRIBUTES secAttrs, String msgPath, Boolean bFromProxy, Boolean useLongPath, Boolean checkHost)
   at System.IO.FileStream..ctor(String path, FileMode mode, FileAccess access, FileShare share)
   at System.IO.FileInfo.Open(FileMode mode)
   at BrokEQ.Form1.loadDataAsync(String sLoc) in C:\Users\Rico\Documents\Visual Studio 2017\Projects\BrokEQ\BrokEQ\Form1.cs:line 510
   at BrokEQ.Form1.ReloadSettings() in C:\Users\Rico\Documents\Visual Studio 2017\Projects\BrokEQ\BrokEQ\Form1.cs:line 174
2021-05-05 09:19:00,130 INFO BrokEQ.Form1 - Could not find file 'C:\Bot.ini'.
   at System.IO.__Error.WinIOError(Int32 errorCode, String maybeFullPath)
   at System.IO.FileStream.Init(String path, FileMode mode, FileAccess access, Int32 rights, Boolean useRights, FileShare share, Int32 bufferSize, FileOptions options, SECURITY_ATTRIBUTES secAttrs, String msgPath, Boolean bFromProxy, Boolean useLongPath, Boolean checkHost)
   at System.IO.FileStream..ctor(String path, FileMode mode, FileAccess access, FileShare share)
   at System.IO.FileInfo.Open(FileMode mode)
   at BrokEQ.Form1.loadDataAsync(String sLoc) in C:\Users\Rico\Documents\Visual Studio 2017\Projects\BrokEQ\BrokEQ\Form1.cs:line 510
   at BrokEQ.Form1.ReloadSettings() in C:\Users\Rico\Documents\Visual Studio 2017\Projects\BrokEQ\BrokEQ\Form1.cs:line 174
2021-05-05 09:22:09,638 INFO BrokEQ.Form1 - Could not find file 'C:\Bot.ini'.
   at System.IO.__Error.WinIOError(Int32 errorCode, String maybeFullPath)
   at System.IO.FileStream.Init(String path, FileMode mode, FileAccess access, Int32 rights, Boolean useRights, FileShare share, Int32 bufferSize, FileOptions options, SECURITY_ATTRIBUTES secAttrs, String msgPath, Boolean bFromProxy, Boolean useLongPath, Boolean checkHost)
   at System.IO.FileStream..ctor(String path, FileMode mode, FileAccess access, FileShare share)
   at System.IO.FileInfo.Open(FileMode mode)
   at BrokEQ.Form1.loadDataAsync(String sLoc) in C:\Users\Rico\Documents\Visual Studio 2017\Projects\BrokEQ\BrokEQ\Form1.cs:line 510
   at BrokEQ.Form1.ReloadSettings() in C:\Users\Rico\Documents\Visual Studio 2017\Projects\BrokEQ\BrokEQ\Form1.cs:line 174
2021-05-05 09:45:50,397 INFO BrokEQ.Form1 - Could not find file 'C:\Bot.ini'.
   at System.IO.__Error.WinIOError(Int32 errorCode, String maybeFullPath)
   at System.IO.FileStream.Init(String path, FileMode mode, FileAccess access, Int32 rights, Boolean useRights, FileShare share, Int32 bufferSize, FileOptions options, SECURITY_ATTRIBUTES secAttrs, String msgPath, Boolean bFromProxy, Boolean useLongPath, Boolean checkHost)
   at System.IO.FileStream..ctor(String path, FileMode mode, FileAccess access, FileShare share)
   at System.IO.FileInfo.Open(FileMode mode)
   at BrokEQ.Form1.loadDataAsync(String sLoc) in C:\Users\Rico\Documents\Visual Studio 2017\Projects\BrokEQ\BrokEQ\Form1.cs:line 510
   at BrokEQ.Form1.ReloadSettings() in C:\Users\Rico\Documents\Visual Studio 2017\Projects\BrokEQ\BrokEQ\Form1.cs:line 174
2021-05-05 09:50:01,240 INFO BrokEQ.Form1 - Could not find file 'C:\Bot.ini'.
   at System.IO.__Error.WinIOError(Int32 errorCode, String maybeFullPath)
   at System.IO.FileStream.Init(String path, FileMode mode, FileAccess access, Int32 rights, Boolean useRights, FileShare share, Int32 bufferSize, FileOptions options, SECURITY_ATTRIBUTES secAttrs, String msgPath, Boolean bFromProxy, Boolean useLongPath, Boolean checkHost)
   at System.IO.FileStream..ctor(String path, FileMode mode, FileAccess access, FileShare share)
   at System.IO.FileInfo.Open(FileMode mode)
   at BrokEQ.Form1.loadDataAsync(String sLoc) in C:\Users\Rico\Documents\Visual Studio 2017\Projects\BrokEQ\BrokEQ\Form1.cs:line 510
   at BrokEQ.Form1.ReloadSettings() in C:\Users\Rico\Documents\Visual Studio 2017\Projects\BrokEQ\BrokEQ\Form1.cs:line 174
2021-05-05 09:50:54,545 INFO BrokEQ.Form1 - Could not find file 'C:\Bot.ini'.
   at System.IO.__Error.WinIOError(Int32 errorCode, String maybeFullPath)
   at System.IO.FileStream.Init(String path, FileMode mode, FileAccess access, Int32 rights, Boolean useRights, FileShare share, Int32 bufferSize, FileOptions options, SECURITY_ATTRIBUTES secAttrs, String msgPath, Boolean bFromProxy, Boolean useLongPath, Boolean checkHost)
   at System.IO.FileStream..ctor(String path, FileMode mode, FileAccess access, FileShare share)
   at System.IO.FileInfo.Open(FileMode mode)
   at BrokEQ.Form1.loadDataAsync(String sLoc) in C:\Users\Rico\Documents\Visual Studio 2017\Projects\BrokEQ\BrokEQ\Form1.cs:line 512
   at BrokEQ.Form1.ReloadSettings() in C:\Users\Rico\Documents\Visual Studio 2017\Projects\BrokEQ\BrokEQ\Form1.cs:line 174
2021-05-05 09:52:26,177 INFO BrokEQ.Form1 - Could not find file 'C:\Bot.ini'.
   at System.IO.__Error.WinIOError(Int32 errorCode, String maybeFullPath)
   at System.IO.FileStream.Init(String path, FileMode mode, FileAccess access, Int32 rights, Boolean useRights, FileShare share, Int32 bufferSize, FileOptions options, SECURITY_ATTRIBUTES secAttrs, String msgPath, Boolean bFromProxy, Boolean useLongPath, Boolean checkHost)
   at System.IO.FileStream..ctor(String path, FileMode mode, FileAccess access, FileShare share)
   at System.IO.FileInfo.Open(FileMode mode)
   at BrokEQ.Form1.loadDataAsync(String sLoc) in C:\Users\Rico\Documents\Visual Studio 2017\Projects\BrokEQ\BrokEQ\Form1.cs:line 513
   at BrokEQ.Form1.ReloadSettings() in C:\Users\Rico\Documents\Visual Studio 2017\Projects\BrokEQ\BrokEQ\Form1.cs:line 174
2021-05-05 10:37:27,974 INFO BrokEQ.Form1 - Could not find file 'C:\Bot.ini'.
   at System.IO.__Error.WinIOError(Int32 errorCode, String maybeFullPath)
   at System.IO.FileStream.Init(String path, FileMode mode, FileAccess access, Int32 rights, Boolean useRights, FileShare share, Int32 bufferSize, FileOptions options, SECURITY_ATTRIBUTES secAttrs, String msgPath, Boolean bFromProxy, Boolean useLongPath, Boolean checkHost)
   at System.IO.FileStream..ctor(String path, FileMode mode, FileAccess access, FileShare share)
   at System.IO.FileInfo.Open(FileMode mode)
   at BrokEQ.Form1.loadDataAsync(String sLoc) in C:\Users\Rico\Documents\Visual Studio 2017\Projects\BrokEQ\BrokEQ\Form1.cs:line 513
   at BrokEQ.Form1.ReloadSettings() in C:\Users\Rico\Documents\Visual Studio 2017\Projects\BrokEQ\BrokEQ\Form1.cs:line 174
2021-05-05 10:39:34,033 INFO BrokEQ.Form1 - Could not find file 'C:\Bot.ini'.
   at System.IO.__Error.WinIOError(Int32 errorCode, String maybeFullPath)
   at System.IO.FileStream.Init(String path, FileMode mode, FileAccess access, Int32 rights, Boolean useRights, FileShare share, Int32 bufferSize, FileOptions options, SECURITY_ATTRIBUTES secAttrs, String msgPath, Boolean bFromProxy, Boolean useLongPath, Boolean checkHost)
   at System.IO.FileStream..ctor(String path, FileMode mode, FileAccess access, FileShare share)
   at System.IO.FileInfo.Open(FileMode mode)
   at BrokEQ.Form1.loadDataAsync(String sLoc) in C:\Users\Rico\Documents\Visual Studio 2017\Projects\BrokEQ\BrokEQ\Form1.cs:line 505
   at BrokEQ.Form1.ReloadSettings() in C:\Users\Rico\Documents\Visual Studio 2017\Projects\BrokEQ\BrokEQ\Form1.cs:line 174
2021-05-05 10:40:52,818 INFO BrokEQ.Form1 - Could not find file 'C:\Bot.ini'.
   at System.IO.__Error.WinIOError(Int32 errorCode, String maybeFullPath)
   at System.IO.FileStream.Init(String path, FileMode mode, FileAccess access, Int32 rights, Boolean useRights, FileShare share, Int32 bufferSize, FileOptions options, SECURITY_ATTRIBUTES secAttrs, String msgPath, Boolean bFromProxy, Boolean useLongPath, Boolean checkHost)
   at System.IO.FileStream..ctor(String path, FileMode mode, FileAccess access, FileShare share)
   at System.IO.FileInfo.Open(FileMode mode)
   at BrokEQ.Form1.loadDataAsync(String sLoc) in C:\Users\Rico\Documents\Visual Studio 2017\Projects\BrokEQ\BrokEQ\Form1.cs:line 505
   at BrokEQ.Form1.ReloadSettings() in C:\Users\Rico\Documents\Visual Studio 2017\Projects\BrokEQ\BrokEQ\Form1.cs:line 174
2021-05-05 13:59:34,850 INFO BrokEQ.Form1 - Could not find file 'C:\Bot.ini'.
   at System.IO.__Error.WinIOError(Int32 errorCode, String maybeFullPath)
   at System.IO.FileStream.Init(String path, FileMode mode, FileAccess access, Int32 rights, Boolean useRights, FileShare share, Int32 bufferSize, FileOptions options, SECURITY_ATTRIBUTES secAttrs, String msgPath, Boolean bFromProxy, Boolean useLongPath, Boolean checkHost)
   at System.IO.FileStream..ctor(String path, FileMode mode, FileAccess access, FileShare share)
   at System.IO.FileInfo.Open(FileMode mode)
   at BrokEQ.Form1.loadDataAsync(String sLoc) in C:\Users\Rico\Documents\Visual Studio 2017\Projects\BrokEQ\BrokEQ\Form1.cs:line 505
   at BrokEQ.Form1.ReloadSettings() in C:\Users\Rico\Documents\Visual Studio 2017\Projects\BrokEQ\BrokEQ\Form1.cs:line 174
2021-05-05 20:03:13,506 INFO BrokEQ.Form1 - Could not find file 'C:\Bot.ini'.
   at System.IO.__Error.WinIOError(Int32 errorCode, String maybeFullPath)
   at System.IO.FileStream.Init(String path, FileMode mode, FileAccess access, Int32 rights, Boolean useRights, FileShare share, Int32 bufferSize, FileOptions options, SECURITY_ATTRIBUTES secAttrs, String msgPath, Boolean bFromProxy, Boolean useLongPath, Boolean checkHost)
   at System.IO.FileStream..ctor(String path, FileMode mode, FileAccess access, FileShare share)
   at System.IO.FileInfo.Open(FileMode mode)
   at BrokEQ.Form1.loadDataAsync(String sLoc) in C:\Users\Rico\Documents\Visual Studio 2017\Projects\BrokEQ\BrokEQ\Form1.cs:line 506
   at BrokEQ.Form1.ReloadSettings() in C:\Users\Rico\Documents\Visual Studio 2017\Projects\BrokEQ\BrokEQ\Form1.cs:line 174
2021-05-05 20:04:48,624 INFO BrokEQ.Form1 - Could not find file 'C:\Bot.ini'.
   at System.IO.__Error.WinIOError(Int32 errorCode, String maybeFullPath)
   at System.IO.FileStream.Init(String path, FileMode mode, FileAccess access, Int32 rights, Boolean useRights, FileShare share, Int32 bufferSize, FileOptions options, SECURITY_ATTRIBUTES secAttrs, String msgPath, Boolean bFromProxy, Boolean useLongPath, Boolean checkHost)
   at System.IO.FileStream..ctor(String path, FileMode mode, FileAccess access, FileShare share)
   at System.IO.FileInfo.Open(FileMode mode)
   at BrokEQ.Form1.loadDataAsync(String sLoc) in C:\Users\Rico\Documents\Visual Studio 2017\Projects\BrokEQ\BrokEQ\Form1.cs:line 506
   at BrokEQ.Form1.ReloadSettings() in C:\Users\Rico\Documents\Visual Studio 2017\Projects\BrokEQ\BrokEQ\Form1.cs:line 174
2021-05-05 20:05:50,887 INFO BrokEQ.Form1 - Could not find file 'C:\Bot.ini'.
   at System.IO.__Error.WinIOError(Int32 errorCode, String maybeFullPath)
   at System.IO.FileStream.Init(String path, FileMode mode, FileAccess access, Int32 rights, Boolean useRights, FileShare share, Int32 bufferSize, FileOptions options, SECURITY_ATTRIBUTES secAttrs, String msgPath, Boolean bFromProxy, Boolean useLongPath, Boolean checkHost)
   at System.IO.FileStream..ctor(String path, FileMode mode, FileAccess access, FileShare share)
   at System.IO.FileInfo.Open(FileMode mode)
   at BrokEQ.Form1.loadDataAsync(String sLoc) in C:\Users\Rico\Documents\Visual Studio 2017\Projects\BrokEQ\BrokEQ\Form1.cs:line 506
   at BrokEQ.Form1.ReloadSettings() in C:\Users\Rico\Documents\Visual Studio 2017\Projects\BrokEQ\BrokEQ\Form1.cs:line 174
2021-05-05 20:10:31,341 INFO BrokEQ.Form1 - Could not find file 'C:\Bot.ini'.
   at System.IO.__Error.WinIOError(Int32 errorCode, String maybeFullPath)
   at System.IO.FileStream.Init(String path, FileMode mode, FileAccess access, Int32 rights, Boolean useRights, FileShare share, Int32 bufferSize, FileOptions options, SECURITY_ATTRIBUTES secAttrs, String msgPath, Boolean bFromProxy, Boolean useLongPath, Boolean checkHost)
   at System.IO.FileStream..ctor(String path, FileMode mode, FileAccess access, FileShare share)
   at System.IO.FileInfo.Open(FileMode mode)
   at BrokEQ.Form1.loadDataAsync(String sLoc) in C:\Users\Rico\Documents\Visual Studio 2017\Projects\BrokEQ\BrokEQ\Form1.cs:line 506
   at BrokEQ.Form1.ReloadSettings() in C:\Users\Rico\Documents\Visual Studio 2017\Projects\BrokEQ\BrokEQ\Form1.cs:line 174
2021-05-05 20:28:22,720 INFO BrokEQ.Form1 - Could not find file 'C:\Bot.ini'.
   at System.IO.__Error.WinIOError(Int32 errorCode, String maybeFullPath)
   at System.IO.FileStream.Init(String path, FileMode mode, FileAccess access, Int32 rights, Boolean useRights, FileShare share, Int32 bufferSize, FileOptions options, SECURITY_ATTRIBUTES secAttrs, String msgPath, Boolean bFromProxy, Boolean useLongPath, Boolean checkHost)
   at System.IO.FileStream..ctor(String path, FileMode mode, FileAccess access, FileShare share)
   at System.IO.FileInfo.Open(FileMode mode)
   at BrokEQ.Form1.loadDataAsync(String sLoc) in C:\Users\Rico\Documents\Visual Studio 2017\Projects\BrokEQ\BrokEQ\Form1.cs:line 506
   at BrokEQ.Form1.ReloadSettings() in C:\Users\Rico\Documents\Visual Studio 2017\Projects\BrokEQ\BrokEQ\Form1.cs:line 174
2021-05-05 20:37:39,242 INFO BrokEQ.Form1 - Could not find file 'C:\Bot.ini'.
   at System.IO.__Error.WinIOError(Int32 errorCode, String maybeFullPath)
   at System.IO.FileStream.Init(String path, FileMode mode, FileAccess access, Int32 rights, Boolean useRights, FileShare share, Int32 bufferSize, FileOptions options, SECURITY_ATTRIBUTES secAttrs, String msgPath, Boolean bFromProxy, Boolean useLongPath, Boolean checkHost)
   at System.IO.FileStream..ctor(String path, FileMode mode, FileAccess access, FileShare share)
   at System.IO.FileInfo.Open(FileMode mode)
   at BrokEQ.Form1.loadDataAsync(String sLoc) in C:\Users\Rico\Documents\Visual Studio 2017\Projects\BrokEQ\BrokEQ\Form1.cs:line 506
   at BrokEQ.Form1.ReloadSettings() in C:\Users\Rico\Documents\Visual Studio 2017\Projects\BrokEQ\BrokEQ\Form1.cs:line 174
2021-05-05 20:56:52,485 INFO BrokEQ.Form1 - Could not find file 'C:\Bot.ini'.
   at System.IO.__Error.WinIOError(Int32 errorCode, String maybeFullPath)
   at System.IO.FileStream.Init(String path, FileMode mode, FileAccess access, Int32 rights, Boolean useRights, FileShare share, Int32 bufferSize, FileOptions options, SECURITY_ATTRIBUTES secAttrs, String msgPath, Boolean bFromProxy, Boolean useLongPath, Boolean checkHost)
   at System.IO.FileStream..ctor(String path, FileMode mode, FileAccess access, FileShare share)
   at System.IO.FileInfo.Open(FileMode mode)
   at BrokEQ.Form1.loadDataAsync(String sLoc) in C:\Users\Rico\Documents\Visual Studio 2017\Projects\BrokEQ\BrokEQ\Form1.cs:line 506
   at BrokEQ.Form1.ReloadSettings() in C:\Users\Rico\Documents\Visual Studio 2017\Projects\BrokEQ\BrokEQ\Form1.cs:line 174
2021-05-05 21:05:01,040 INFO BrokEQ.Form1 - Could not find file 'C:\Bot.ini'.
   at System.IO.__Error.WinIOError(Int32 errorCode, String maybeFullPath)
   at System.IO.FileStream.Init(String path, FileMode mode, FileAccess access, Int32 rights, Boolean useRights, FileShare share, Int32 bufferSize, FileOptions options, SECURITY_ATTRIBUTES secAttrs, String msgPath, Boolean bFromProxy, Boolean useLongPath, Boolean checkHost)
   at System.IO.FileStream..ctor(String path, FileMode mode, FileAccess access, FileShare share)
   at System.IO.FileInfo.Open(FileMode mode)
   at BrokEQ.Form1.loadDataAsync(String sLoc) in C:\Users\Rico\Documents\Visual Studio 2017\Projects\BrokEQ\BrokEQ\Form1.cs:line 506
   at BrokEQ.Form1.ReloadSettings() in C:\Users\Rico\Documents\Visual Studio 2017\Projects\BrokEQ\BrokEQ\Form1.cs:line 174
2021-05-05 21:08:02,201 INFO BrokEQ.Form1 - Could not find file 'C:\Bot.ini'.
   at System.IO.__Error.WinIOError(Int32 errorCode, String maybeFullPath)
   at System.IO.FileStream.Init(String path, FileMode mode, FileAccess access, Int32 rights, Boolean useRights, FileShare share, Int32 bufferSize, FileOptions options, SECURITY_ATTRIBUTES secAttrs, String msgPath, Boolean bFromProxy, Boolean useLongPath, Boolean checkHost)
   at System.IO.FileStream..ctor(String path, FileMode mode, FileAccess access, FileShare share)
   at System.IO.FileInfo.Open(FileMode mode)
   at BrokEQ.Form1.loadDataAsync(String sLoc) in C:\Users\Rico\Documents\Visual Studio 2017\Projects\BrokEQ\BrokEQ\Form1.cs:line 506
   at BrokEQ.Form1.ReloadSettings() in C:\Users\Rico\Documents\Visual Studio 2017\Projects\BrokEQ\BrokEQ\Form1.cs:line 174
2021-05-05 21:10:18,517 INFO BrokEQ.Form1 - Could not find file 'C:\Bot.ini'.
   at System.IO.__Error.WinIOError(Int32 errorCode, String maybeFullPath)
   at System.IO.FileStream.Init(String path, FileMode mode, FileAccess access, Int32 rights, Boolean useRights, FileShare share, Int32 bufferSize, FileOptions options, SECURITY_ATTRIBUTES secAttrs, String msgPath, Boolean bFromProxy, Boolean useLongPath, Boolean checkHost)
   at System.IO.FileStream..ctor(String path, FileMode mode, FileAccess access, FileShare share)
   at System.IO.FileInfo.Open(FileMode mode)
   at BrokEQ.Form1.loadDataAsync(String sLoc) in C:\Users\Rico\Documents\Visual Studio 2017\Projects\BrokEQ\BrokEQ\Form1.cs:line 506
   at BrokEQ.Form1.ReloadSettings() in C:\Users\Rico\Documents\Visual Studio 2017\Projects\BrokEQ\BrokEQ\Form1.cs:line 174
2021-05-05 21:12:22,590 INFO BrokEQ.Form1 - Could not find file 'C:\Bot.ini'.
   at System.IO.__Error.WinIOError(Int32 errorCode, String maybeFullPath)
   at System.IO.FileStream.Init(String path, FileMode mode, FileAccess access, Int32 rights, Boolean useRights, FileShare share, Int32 bufferSize, FileOptions options, SECURITY_ATTRIBUTES secAttrs, String msgPath, Boolean bFromProxy, Boolean useLongPath, Boolean checkHost)
   at System.IO.FileStream..ctor(String path, FileMode mode, FileAccess access, FileShare share)
   at System.IO.FileInfo.Open(FileMode mode)
   at BrokEQ.Form1.loadDataAsync(String sLoc) in C:\Users\Rico\Documents\Visual Studio 2017\Projects\BrokEQ\BrokEQ\Form1.cs:line 506
   at BrokEQ.Form1.ReloadSettings() in C:\Users\Rico\Documents\Visual Studio 2017\Projects\BrokEQ\BrokEQ\Form1.cs:line 174
2021-05-05 21:12:42,477 INFO BrokEQ.Form1 - Could not find file 'C:\Bot.ini'.
   at System.IO.__Error.WinIOError(Int32 errorCode, String maybeFullPath)
   at System.IO.FileStream.Init(String path, FileMode mode, FileAccess access, Int32 rights, Boolean useRights, FileShare share, Int32 bufferSize, FileOptions options, SECURITY_ATTRIBUTES secAttrs, String msgPath, Boolean bFromProxy, Boolean useLongPath, Boolean checkHost)
   at System.IO.FileStream..ctor(String path, FileMode mode, FileAccess access, FileShare share)
   at System.IO.FileInfo.Open(FileMode mode)
   at BrokEQ.Form1.loadDataAsync(String sLoc) in C:\Users\Rico\Documents\Visual Studio 2017\Projects\BrokEQ\BrokEQ\Form1.cs:line 506
   at BrokEQ.Form1.ReloadSettings() in C:\Users\Rico\Documents\Visual Studio 2017\Projects\BrokEQ\BrokEQ\Form1.cs:line 174
2021-05-05 21:21:35,535 INFO BrokEQ.Form1 - Could not find file 'C:\Bot.ini'.
   at System.IO.__Error.WinIOError(Int32 errorCode, String maybeFullPath)
   at System.IO.FileStream.Init(String path, FileMode mode, FileAccess access, Int32 rights, Boolean useRights, FileShare share, Int32 bufferSize, FileOptions options, SECURITY_ATTRIBUTES secAttrs, String msgPath, Boolean bFromProxy, Boolean useLongPath, Boolean checkHost)
   at System.IO.FileStream..ctor(String path, FileMode mode, FileAccess access, FileShare share)
   at System.IO.FileInfo.Open(FileMode mode)
   at BrokEQ.Form1.loadDataAsync(String sLoc) in C:\Users\Rico\Documents\Visual Studio 2017\Projects\BrokEQ\BrokEQ\Form1.cs:line 506
   at BrokEQ.Form1.ReloadSettings() in C:\Users\Rico\Documents\Visual Studio 2017\Projects\BrokEQ\BrokEQ\Form1.cs:line 174
